\BOOKMARK [0][-]{chapter.1}{Introduction}{}% 1
\BOOKMARK [1][-]{section.1.1}{License}{chapter.1}% 2
\BOOKMARK [1][-]{section.1.2}{General\040Overview}{chapter.1}% 3
\BOOKMARK [0][-]{chapter.2}{Installation}{}% 4
\BOOKMARK [1][-]{section.2.1}{Generic\040Installation}{chapter.2}% 5
\BOOKMARK [1][-]{section.2.2}{Quick\040Installation\040on\040Debian\04010\040/\040Ubuntu\04020.04}{chapter.2}% 6
\BOOKMARK [0][-]{chapter.3}{Tutorial}{}% 7
\BOOKMARK [1][-]{section.3.1}{Preparing\040your\040data}{chapter.3}% 8
\BOOKMARK [1][-]{section.3.2}{Investigating\040k-mers\040and\040Principal\040Components}{chapter.3}% 9
\BOOKMARK [1][-]{section.3.3}{Adaptive\040Clustering}{chapter.3}% 10
\BOOKMARK [1][-]{section.3.4}{Tree\040Building,\040Tree\040Visualization\040and\040Tree\040Investigation}{chapter.3}% 11
\BOOKMARK [1][-]{section.3.5}{Comparison\040to\040Ground\040Truth}{chapter.3}% 12
\BOOKMARK [0][-]{chapter.4}{Tools}{}% 13
\BOOKMARK [1][-]{section.4.1}{fasta2kmer}{chapter.4}% 14
\BOOKMARK [1][-]{section.4.2}{kmer2pca}{chapter.4}% 15
\BOOKMARK [1][-]{section.4.3}{pca_visual_extract}{chapter.4}% 16
\BOOKMARK [1][-]{section.4.4}{cluster_dbscan_X}{chapter.4}% 17
\BOOKMARK [1][-]{section.4.5}{compareSW}{chapter.4}% 18
\BOOKMARK [1][-]{section.4.6}{find_satellite}{chapter.4}% 19
\BOOKMARK [1][-]{section.4.7}{silhouette}{chapter.4}% 20
\BOOKMARK [1][-]{section.4.8}{consens}{chapter.4}% 21
\BOOKMARK [1][-]{section.4.9}{sequence_multiplicity}{chapter.4}% 22
\BOOKMARK [1][-]{section.4.10}{lengths_from_fasta}{chapter.4}% 23
\BOOKMARK [1][-]{section.4.11}{compare_norms}{chapter.4}% 24
\BOOKMARK [1][-]{section.4.12}{adaptive_clustering_X}{chapter.4}% 25
\BOOKMARK [1][-]{section.4.13}{split_set_to_fasta}{chapter.4}% 26
\BOOKMARK [1][-]{section.4.14}{split_set_to_projections}{chapter.4}% 27
\BOOKMARK [1][-]{section.4.15}{split_sets_to_newick}{chapter.4}% 28
\BOOKMARK [1][-]{section.4.16}{split_set_to_matrix_X}{chapter.4}% 29
\BOOKMARK [1][-]{section.4.17}{split_set_from_annotation}{chapter.4}% 30
\BOOKMARK [1][-]{section.4.18}{split_set_from_swarm}{chapter.4}% 31
\BOOKMARK [1][-]{section.4.19}{filter_split_sets_by_min}{chapter.4}% 32
\BOOKMARK [1][-]{section.4.20}{find_sequence_in_split_sets}{chapter.4}% 33
\BOOKMARK [1][-]{section.4.21}{print_connections}{chapter.4}% 34
\BOOKMARK [1][-]{section.4.22}{tree_map_for_sequence}{chapter.4}% 35
\BOOKMARK [1][-]{section.4.23}{tree_map_for_split_set}{chapter.4}% 36
\BOOKMARK [1][-]{section.4.24}{virtual_evolution}{chapter.4}% 37
\BOOKMARK [1][-]{section.4.25}{simulation_verification}{chapter.4}% 38
\BOOKMARK [1][-]{section.4.26}{pca2densitymap}{chapter.4}% 39
\BOOKMARK [1][-]{section.4.27}{pca2densityfile}{chapter.4}% 40
\BOOKMARK [1][-]{section.4.28}{reverse_with_mask}{chapter.4}% 41
\BOOKMARK [1][-]{section.4.29}{reverse_complement_with_mask}{chapter.4}% 42
\BOOKMARK [1][-]{section.4.30}{digest_X}{chapter.4}% 43
\BOOKMARK [1][-]{section.4.31}{replace_N_sequence}{chapter.4}% 44
\BOOKMARK [1][-]{section.4.32}{tree_pureness}{chapter.4}% 45
\BOOKMARK [0][-]{appendix.A}{Bibliography}{}% 46
